{"/Users/parthibanbaskar/bapana/native-apps/smartkauf/App.tsx": {"path":"/Users/parthibanbaskar/bapana/native-apps/smartkauf/App.tsx","statementMap":{"0":{"start":{"line":8,"column":2},"end":{"line":14,"column":4}},"1":{"start":{"line":17,"column":15},"end":{"line":24,"column":2}}},"fnMap":{"0":{"name":"App","decl":{"start":{"line":7,"column":24},"end":{"line":7,"column":27}},"loc":{"start":{"line":7,"column":30},"end":{"line":15,"column":1}},"line":7}},"branchMap":{},"s":{"0":2,"1":1},"f":{"0":2},"b":{},"_coverageSchema":"1a1c01bbd47fc00a2c39e90264f33305004495a9","hash":"644f70b45bf6844702a4aab9bccdf4e6c64c3948"}
,"/Users/parthibanbaskar/bapana/native-apps/smartkauf/src/GlobalStyles.tsx": {"path":"/Users/parthibanbaskar/bapana/native-apps/smartkauf/src/GlobalStyles.tsx","statementMap":{"0":{"start":{"line":4,"column":21},"end":{"line":11,"column":2}}},"fnMap":{},"branchMap":{},"s":{"0":1},"f":{},"b":{},"_coverageSchema":"1a1c01bbd47fc00a2c39e90264f33305004495a9","hash":"ec1c246043c554d6fe5cf67319f21015eed4923c"}
,"/Users/parthibanbaskar/bapana/native-apps/smartkauf/src/components/SafeAreaView/index.tsx": {"path":"/Users/parthibanbaskar/bapana/native-apps/smartkauf/src/components/SafeAreaView/index.tsx","statementMap":{"0":{"start":{"line":5,"column":21},"end":{"line":7,"column":1}},"1":{"start":{"line":6,"column":2},"end":{"line":6,"column":57}},"2":{"start":{"line":11,"column":15},"end":{"line":17,"column":2}}},"fnMap":{"0":{"name":"(anonymous_0)","decl":{"start":{"line":5,"column":21},"end":{"line":5,"column":22}},"loc":{"start":{"line":5,"column":64},"end":{"line":7,"column":1}},"line":5}},"branchMap":{"0":{"loc":{"start":{"line":15,"column":16},"end":{"line":15,"column":71}},"type":"cond-expr","locations":[{"start":{"line":15,"column":44},"end":{"line":15,"column":67}},{"start":{"line":15,"column":70},"end":{"line":15,"column":71}}],"line":15}},"s":{"0":1,"1":2,"2":1},"f":{"0":2},"b":{"0":[0,1]},"_coverageSchema":"1a1c01bbd47fc00a2c39e90264f33305004495a9","hash":"0b6ed71eb987a7f257b0221feb296ee1ac06252c"}
,"/Users/parthibanbaskar/bapana/native-apps/smartkauf/src/config/colors.ts": {"path":"/Users/parthibanbaskar/bapana/native-apps/smartkauf/src/config/colors.ts","statementMap":{"0":{"start":{"line":1,"column":15},"end":{"line":7,"column":1}}},"fnMap":{},"branchMap":{},"s":{"0":1},"f":{},"b":{},"_coverageSchema":"1a1c01bbd47fc00a2c39e90264f33305004495a9","hash":"9d45aaff5d20c05bebbf35854ad6095ba6220128"}
,"/Users/parthibanbaskar/bapana/native-apps/smartkauf/src/navigation/index.tsx": {"path":"/Users/parthibanbaskar/bapana/native-apps/smartkauf/src/navigation/index.tsx","statementMap":{"0":{"start":{"line":17,"column":12},"end":{"line":17,"column":58}},"1":{"start":{"line":19,"column":19},"end":{"line":70,"column":1}},"2":{"start":{"line":20,"column":2},"end":{"line":69,"column":4}},"3":{"start":{"line":23,"column":79},"end":{"line":63,"column":7}},"4":{"start":{"line":36,"column":10},"end":{"line":42,"column":11}},"5":{"start":{"line":37,"column":12},"end":{"line":37,"column":79}},"6":{"start":{"line":38,"column":17},"end":{"line":42,"column":11}},"7":{"start":{"line":39,"column":12},"end":{"line":39,"column":97}},"8":{"start":{"line":40,"column":17},"end":{"line":42,"column":11}},"9":{"start":{"line":41,"column":12},"end":{"line":41,"column":79}},"10":{"start":{"line":44,"column":10},"end":{"line":44,"column":72}},"11":{"start":{"line":59,"column":32},"end":{"line":59,"column":73}}},"fnMap":{"0":{"name":"(anonymous_0)","decl":{"start":{"line":19,"column":19},"end":{"line":19,"column":20}},"loc":{"start":{"line":19,"column":25},"end":{"line":70,"column":1}},"line":19},"1":{"name":"(anonymous_1)","decl":{"start":{"line":23,"column":21},"end":{"line":23,"column":22}},"loc":{"start":{"line":23,"column":79},"end":{"line":63,"column":7}},"line":23},"2":{"name":"(anonymous_2)","decl":{"start":{"line":25,"column":20},"end":{"line":25,"column":21}},"loc":{"start":{"line":33,"column":14},"end":{"line":45,"column":9}},"line":33},"3":{"name":"(anonymous_3)","decl":{"start":{"line":59,"column":26},"end":{"line":59,"column":27}},"loc":{"start":{"line":59,"column":32},"end":{"line":59,"column":73}},"line":59}},"branchMap":{"0":{"loc":{"start":{"line":36,"column":10},"end":{"line":42,"column":11}},"type":"if","locations":[{"start":{"line":36,"column":10},"end":{"line":42,"column":11}},{"start":{"line":38,"column":17},"end":{"line":42,"column":11}}],"line":36},"1":{"loc":{"start":{"line":37,"column":23},"end":{"line":37,"column":78}},"type":"cond-expr","locations":[{"start":{"line":37,"column":34},"end":{"line":37,"column":49}},{"start":{"line":37,"column":54},"end":{"line":37,"column":77}}],"line":37},"2":{"loc":{"start":{"line":38,"column":17},"end":{"line":42,"column":11}},"type":"if","locations":[{"start":{"line":38,"column":17},"end":{"line":42,"column":11}},{"start":{"line":40,"column":17},"end":{"line":42,"column":11}}],"line":38},"3":{"loc":{"start":{"line":39,"column":23},"end":{"line":39,"column":96}},"type":"cond-expr","locations":[{"start":{"line":39,"column":34},"end":{"line":39,"column":58}},{"start":{"line":39,"column":63},"end":{"line":39,"column":95}}],"line":39},"4":{"loc":{"start":{"line":40,"column":17},"end":{"line":42,"column":11}},"type":"if","locations":[{"start":{"line":40,"column":17},"end":{"line":42,"column":11}},{"start":{},"end":{}}],"line":40},"5":{"loc":{"start":{"line":41,"column":23},"end":{"line":41,"column":78}},"type":"cond-expr","locations":[{"start":{"line":41,"column":34},"end":{"line":41,"column":49}},{"start":{"line":41,"column":54},"end":{"line":41,"column":77}}],"line":41}},"s":{"0":1,"1":1,"2":2,"3":6,"4":12,"5":4,"6":8,"7":4,"8":4,"9":4,"10":12,"11":2},"f":{"0":2,"1":6,"2":12,"3":2},"b":{"0":[4,8],"1":[2,2],"2":[4,4],"3":[2,2],"4":[4,0],"5":[2,2]},"_coverageSchema":"1a1c01bbd47fc00a2c39e90264f33305004495a9","hash":"650b6404eaaf98c7072abff109c0a4a401101862"}
,"/Users/parthibanbaskar/bapana/native-apps/smartkauf/src/screens/CartScreen.tsx": {"path":"/Users/parthibanbaskar/bapana/native-apps/smartkauf/src/screens/CartScreen.tsx","statementMap":{"0":{"start":{"line":5,"column":19},"end":{"line":11,"column":1}},"1":{"start":{"line":6,"column":2},"end":{"line":10,"column":4}},"2":{"start":{"line":15,"column":15},"end":{"line":15,"column":36}}},"fnMap":{"0":{"name":"(anonymous_0)","decl":{"start":{"line":5,"column":19},"end":{"line":5,"column":20}},"loc":{"start":{"line":5,"column":25},"end":{"line":11,"column":1}},"line":5}},"branchMap":{},"s":{"0":1,"1":0,"2":1},"f":{"0":0},"b":{},"_coverageSchema":"1a1c01bbd47fc00a2c39e90264f33305004495a9","hash":"35a85ff9d02bf840fc5c7f219a1e4a87203293a3"}
,"/Users/parthibanbaskar/bapana/native-apps/smartkauf/src/screens/SearchScreen.tsx": {"path":"/Users/parthibanbaskar/bapana/native-apps/smartkauf/src/screens/SearchScreen.tsx","statementMap":{"0":{"start":{"line":5,"column":21},"end":{"line":11,"column":1}},"1":{"start":{"line":6,"column":2},"end":{"line":10,"column":4}},"2":{"start":{"line":15,"column":15},"end":{"line":15,"column":36}}},"fnMap":{"0":{"name":"(anonymous_0)","decl":{"start":{"line":5,"column":21},"end":{"line":5,"column":22}},"loc":{"start":{"line":5,"column":27},"end":{"line":11,"column":1}},"line":5}},"branchMap":{},"s":{"0":1,"1":0,"2":1},"f":{"0":0},"b":{},"_coverageSchema":"1a1c01bbd47fc00a2c39e90264f33305004495a9","hash":"1c82ace088f785298c216dee0756e5478b35bcb1"}
,"/Users/parthibanbaskar/bapana/native-apps/smartkauf/src/screens/StoreScreen.tsx": {"path":"/Users/parthibanbaskar/bapana/native-apps/smartkauf/src/screens/StoreScreen.tsx","statementMap":{"0":{"start":{"line":5,"column":20},"end":{"line":11,"column":1}},"1":{"start":{"line":6,"column":2},"end":{"line":10,"column":4}},"2":{"start":{"line":15,"column":15},"end":{"line":15,"column":36}}},"fnMap":{"0":{"name":"(anonymous_0)","decl":{"start":{"line":5,"column":20},"end":{"line":5,"column":21}},"loc":{"start":{"line":5,"column":26},"end":{"line":11,"column":1}},"line":5}},"branchMap":{},"s":{"0":1,"1":2,"2":1},"f":{"0":2},"b":{},"_coverageSchema":"1a1c01bbd47fc00a2c39e90264f33305004495a9","hash":"5703732e655acb900293b7f7d03c721174dd9f8b"}
}
