{"total": {"lines":{"total":53,"covered":4,"skipped":0,"pct":7.54},"statements":{"total":53,"covered":4,"skipped":0,"pct":7.54},"functions":{"total":15,"covered":1,"skipped":0,"pct":6.66},"branches":{"total":20,"covered":1,"skipped":0,"pct":5},"branchesTrue":{"total":0,"covered":0,"skipped":0,"pct":100}}
,"/Users/parthibanbaskar/bapana/native-apps/smartkauf/App.tsx": {"lines":{"total":2,"covered":0,"skipped":0,"pct":0},"functions":{"total":1,"covered":0,"skipped":0,"pct":0},"statements":{"total":2,"covered":0,"skipped":0,"pct":0},"branches":{"total":0,"covered":0,"skipped":0,"pct":100}}
,"/Users/parthibanbaskar/bapana/native-apps/smartkauf/src/GlobalStyles.tsx": {"lines":{"total":1,"covered":0,"skipped":0,"pct":0},"functions":{"total":0,"covered":0,"skipped":0,"pct":100},"statements":{"total":1,"covered":0,"skipped":0,"pct":0},"branches":{"total":0,"covered":0,"skipped":0,"pct":100}}
,"/Users/parthibanbaskar/bapana/native-apps/smartkauf/src/components/AddStore.tsx": {"lines":{"total":19,"covered":0,"skipped":0,"pct":0},"functions":{"total":4,"covered":0,"skipped":0,"pct":0},"statements":{"total":19,"covered":0,"skipped":0,"pct":0},"branches":{"total":4,"covered":0,"skipped":0,"pct":0}}
,"/Users/parthibanbaskar/bapana/native-apps/smartkauf/src/components/FAB.tsx": {"lines":{"total":3,"covered":3,"skipped":0,"pct":100},"functions":{"total":1,"covered":1,"skipped":0,"pct":100},"statements":{"total":3,"covered":3,"skipped":0,"pct":100},"branches":{"total":2,"covered":1,"skipped":0,"pct":50}}
,"/Users/parthibanbaskar/bapana/native-apps/smartkauf/src/components/SafeAreaView.tsx": {"lines":{"total":3,"covered":0,"skipped":0,"pct":0},"functions":{"total":1,"covered":0,"skipped":0,"pct":0},"statements":{"total":3,"covered":0,"skipped":0,"pct":0},"branches":{"total":2,"covered":0,"skipped":0,"pct":0}}
,"/Users/parthibanbaskar/bapana/native-apps/smartkauf/src/config/colors.ts": {"lines":{"total":1,"covered":1,"skipped":0,"pct":100},"functions":{"total":0,"covered":0,"skipped":0,"pct":100},"statements":{"total":1,"covered":1,"skipped":0,"pct":100},"branches":{"total":0,"covered":0,"skipped":0,"pct":100}}
,"/Users/parthibanbaskar/bapana/native-apps/smartkauf/src/navigation/index.tsx": {"lines":{"total":12,"covered":0,"skipped":0,"pct":0},"functions":{"total":4,"covered":0,"skipped":0,"pct":0},"statements":{"total":12,"covered":0,"skipped":0,"pct":0},"branches":{"total":12,"covered":0,"skipped":0,"pct":0}}
,"/Users/parthibanbaskar/bapana/native-apps/smartkauf/src/screens/CartScreen.tsx": {"lines":{"total":3,"covered":0,"skipped":0,"pct":0},"functions":{"total":1,"covered":0,"skipped":0,"pct":0},"statements":{"total":3,"covered":0,"skipped":0,"pct":0},"branches":{"total":0,"covered":0,"skipped":0,"pct":100}}
,"/Users/parthibanbaskar/bapana/native-apps/smartkauf/src/screens/SearchScreen.tsx": {"lines":{"total":3,"covered":0,"skipped":0,"pct":0},"functions":{"total":1,"covered":0,"skipped":0,"pct":0},"statements":{"total":3,"covered":0,"skipped":0,"pct":0},"branches":{"total":0,"covered":0,"skipped":0,"pct":100}}
,"/Users/parthibanbaskar/bapana/native-apps/smartkauf/src/screens/StoreScreen.tsx": {"lines":{"total":6,"covered":0,"skipped":0,"pct":0},"functions":{"total":2,"covered":0,"skipped":0,"pct":0},"statements":{"total":6,"covered":0,"skipped":0,"pct":0},"branches":{"total":0,"covered":0,"skipped":0,"pct":100}}
}
