TN:
SF:App.tsx
FN:7,App
FNF:1
FNH:1
FNDA:2,App
DA:8,2
DA:17,1
LF:2
LH:2
BRF:0
BRH:0
end_of_record
TN:
SF:src/GlobalStyles.tsx
FNF:0
FNH:0
DA:4,1
LF:1
LH:1
BRF:0
BRH:0
end_of_record
TN:
SF:src/components/AddStore.tsx
FN:13,(anonymous_0)
FN:17,(anonymous_1)
FN:18,(anonymous_2)
FN:44,(anonymous_3)
FNF:4
FNH:4
FNDA:2,(anonymous_0)
FNDA:1,(anonymous_1)
FNDA:1,(anonymous_2)
FNDA:1,(anonymous_3)
DA:13,1
DA:14,2
DA:15,2
DA:17,2
DA:18,1
DA:19,1
DA:20,0
DA:21,0
DA:22,0
DA:27,0
DA:32,0
DA:37,0
DA:40,0
DA:44,2
DA:45,1
DA:46,0
DA:50,2
DA:68,1
DA:74,1
LF:19
LH:11
BRDA:20,0,0,0
BRDA:20,0,1,0
BRDA:45,1,0,0
BRDA:45,1,1,1
BRF:4
BRH:1
end_of_record
TN:
SF:src/components/FAB.tsx
FN:11,(anonymous_0)
FNF:1
FNH:1
FNDA:4,(anonymous_0)
DA:11,2
DA:12,4
DA:25,2
LF:3
LH:3
BRDA:14,0,0,4
BRDA:14,0,1,0
BRF:2
BRH:1
end_of_record
TN:
SF:src/components/SafeAreaView.tsx
FN:9,(anonymous_0)
FNF:1
FNH:1
FNDA:4,(anonymous_0)
DA:9,2
DA:10,4
DA:15,2
LF:3
LH:3
BRDA:19,0,0,0
BRDA:19,0,1,2
BRF:2
BRH:1
end_of_record
TN:
SF:src/navigation/index.tsx
FN:19,(anonymous_0)
FN:23,(anonymous_1)
FN:25,(anonymous_2)
FN:59,(anonymous_3)
FNF:4
FNH:4
FNDA:2,(anonymous_0)
FNDA:6,(anonymous_1)
FNDA:12,(anonymous_2)
FNDA:2,(anonymous_3)
DA:17,1
DA:19,1
DA:20,2
DA:23,6
DA:36,12
DA:37,4
DA:38,8
DA:39,4
DA:40,4
DA:41,4
DA:44,12
DA:59,2
LF:12
LH:12
BRDA:36,0,0,4
BRDA:36,0,1,8
BRDA:37,1,0,2
BRDA:37,1,1,2
BRDA:38,2,0,4
BRDA:38,2,1,4
BRDA:39,3,0,2
BRDA:39,3,1,2
BRDA:40,4,0,4
BRDA:40,4,1,0
BRDA:41,5,0,2
BRDA:41,5,1,2
BRF:12
BRH:11
end_of_record
TN:
SF:src/screens/CartScreen.tsx
FN:5,(anonymous_0)
FNF:1
FNH:0
FNDA:0,(anonymous_0)
DA:5,1
DA:6,0
DA:15,1
LF:3
LH:2
BRF:0
BRH:0
end_of_record
TN:
SF:src/screens/SearchScreen.tsx
FN:5,(anonymous_0)
FNF:1
FNH:0
FNDA:0,(anonymous_0)
DA:5,1
DA:6,0
DA:15,1
LF:3
LH:2
BRF:0
BRH:0
end_of_record
TN:
SF:src/screens/StoreScreen.tsx
FN:7,(anonymous_0)
FN:9,(anonymous_1)
FNF:2
FNH:1
FNDA:2,(anonymous_0)
FNDA:0,(anonymous_1)
DA:7,1
DA:8,2
DA:9,2
DA:10,0
DA:12,2
DA:23,1
LF:6
LH:5
BRF:0
BRH:0
end_of_record
